0 info it worked if it ends with ok
1 verbose cli [ '/usr/bin/node',
1 verbose cli   '/usr/bin/npm',
1 verbose cli   'install',
1 verbose cli   'socket.io.client',
1 verbose cli   '--save' ]
2 info using npm@1.4.28
3 info using node@v0.10.33
4 verbose node symlink /usr/bin/node
5 warn package.json socketTesting@1.0.0 No description
6 warn package.json socketTesting@1.0.0 No repository field.
7 warn package.json socketTesting@1.0.0 No README data
8 verbose readDependencies using package.json deps
9 verbose cache add [ 'socket.io.client', null ]
10 verbose cache add name=undefined spec="socket.io.client" args=["socket.io.client",null]
11 verbose parsed url { protocol: null,
11 verbose parsed url   slashes: null,
11 verbose parsed url   auth: null,
11 verbose parsed url   host: null,
11 verbose parsed url   port: null,
11 verbose parsed url   hostname: null,
11 verbose parsed url   hash: null,
11 verbose parsed url   search: null,
11 verbose parsed url   query: null,
11 verbose parsed url   pathname: 'socket.io.client',
11 verbose parsed url   path: 'socket.io.client',
11 verbose parsed url   href: 'socket.io.client' }
12 silly lockFile f3658e87-socket-io-client socket.io.client
13 verbose lock socket.io.client /home/samphal/.npm/f3658e87-socket-io-client.lock
14 silly lockFile f3658e87-socket-io-client socket.io.client
15 silly lockFile f3658e87-socket-io-client socket.io.client
16 verbose addNamed [ 'socket.io.client', '' ]
17 verbose addNamed [ null, '*' ]
18 silly lockFile 34f51dfb-socket-io-client socket.io.client@
19 verbose lock socket.io.client@ /home/samphal/.npm/34f51dfb-socket-io-client.lock
20 silly addNameRange { name: 'socket.io.client', range: '*', hasData: false }
21 verbose request where is /socket.io.client
22 verbose request registry https://registry.npmjs.org/
23 verbose request id 48244e6ea564faec
24 verbose url raw /socket.io.client
25 verbose url resolving [ 'https://registry.npmjs.org/', './socket.io.client' ]
26 verbose url resolved https://registry.npmjs.org/socket.io.client
27 verbose request where is https://registry.npmjs.org/socket.io.client
28 info trying registry request attempt 1 at 10:11:16
29 http GET https://registry.npmjs.org/socket.io.client
30 http 404 https://registry.npmjs.org/socket.io.client
31 verbose headers { server: 'CouchDB/1.5.0 (Erlang OTP/R16B03)',
31 verbose headers   'content-type': 'application/json',
31 verbose headers   'cache-control': 'max-age=0',
31 verbose headers   'content-length': '51',
31 verbose headers   'accept-ranges': 'bytes',
31 verbose headers   date: 'Tue, 19 May 2015 04:41:17 GMT',
31 verbose headers   via: '1.1 varnish',
31 verbose headers   age: '0',
31 verbose headers   connection: 'keep-alive',
31 verbose headers   'x-served-by': 'cache-sn86-SIN',
31 verbose headers   'x-cache': 'MISS',
31 verbose headers   'x-cache-hits': '0',
31 verbose headers   'x-timer': 'S1432010477.131952,VS0,VE209' }
32 silly registry.get cb [ 404,
32 silly registry.get   { server: 'CouchDB/1.5.0 (Erlang OTP/R16B03)',
32 silly registry.get     'content-type': 'application/json',
32 silly registry.get     'cache-control': 'max-age=0',
32 silly registry.get     'content-length': '51',
32 silly registry.get     'accept-ranges': 'bytes',
32 silly registry.get     date: 'Tue, 19 May 2015 04:41:17 GMT',
32 silly registry.get     via: '1.1 varnish',
32 silly registry.get     age: '0',
32 silly registry.get     connection: 'keep-alive',
32 silly registry.get     'x-served-by': 'cache-sn86-SIN',
32 silly registry.get     'x-cache': 'MISS',
32 silly registry.get     'x-cache-hits': '0',
32 silly registry.get     'x-timer': 'S1432010477.131952,VS0,VE209' } ]
33 silly lockFile 34f51dfb-socket-io-client socket.io.client@
34 silly lockFile 34f51dfb-socket-io-client socket.io.client@
35 error 404 404 Not Found: socket.io.client
35 error 404
35 error 404 'socket.io.client' is not in the npm registry.
35 error 404 You should bug the author to publish it
35 error 404 It was specified as a dependency of 'socketTesting'
35 error 404
35 error 404 Note that you can also install from a
35 error 404 tarball, folder, or http url, or git url.
36 error System Linux 3.13.0-44-generic
37 error command "/usr/bin/node" "/usr/bin/npm" "install" "socket.io.client" "--save"
38 error cwd /home/samphal/Desktop/socketTesting
39 error node -v v0.10.33
40 error npm -v 1.4.28
41 error code E404
42 verbose exit [ 1, true ]
